d:\users\wingo\teaching\objectorientedprogramming\assignments\oop_assignmenttemplate_net2010\release\provider.obj
d:\users\wingo\teaching\objectorientedprogramming\assignments\oop_assignmenttemplate_net2010\release\grid2d.obj
d:\users\wingo\teaching\objectorientedprogramming\assignments\oop_assignmenttemplate_net2010\release\basic_tools.obj
d:\users\wingo\teaching\objectorientedprogramming\assignments\oop_assignmenttemplate_net2010\release\openglapp_update.obj
d:\users\wingo\teaching\objectorientedprogramming\assignments\oop_assignmenttemplate_net2010\release\openglapp_init.obj
d:\users\wingo\teaching\objectorientedprogramming\assignments\oop_assignmenttemplate_net2010\release\openglapp_draw.obj
d:\users\wingo\teaching\objectorientedprogramming\assignments\oop_assignmenttemplate_net2010\release\openglapp.events.obj
d:\users\wingo\teaching\objectorientedprogramming\assignments\oop_assignmenttemplate_net2010\release\openglapp.obj
d:\users\wingo\teaching\objectorientedprogramming\assignments\oop_assignmenttemplate_net2010\release\painter_draw.obj
d:\users\wingo\teaching\objectorientedprogramming\assignments\oop_assignmenttemplate_net2010\release\opengl_stuff.obj
d:\users\wingo\teaching\objectorientedprogramming\assignments\oop_assignmenttemplate_net2010\release\camera.obj
d:\users\wingo\teaching\objectorientedprogramming\assignments\oop_assignmenttemplate_net2010\release\mysystemapp_handleevents.obj
d:\users\wingo\teaching\objectorientedprogramming\assignments\oop_assignmenttemplate_net2010\release\mysystemapp_draw.obj
d:\users\wingo\teaching\objectorientedprogramming\assignments\oop_assignmenttemplate_net2010\release\mysystemapp.obj
d:\users\wingo\teaching\objectorientedprogramming\assignments\oop_assignmenttemplate_net2010\release\mysystem_studentrecordmanager.obj
d:\users\wingo\teaching\objectorientedprogramming\assignments\oop_assignmenttemplate_net2010\release\mysystem_quadraticfunction.obj
d:\users\wingo\teaching\objectorientedprogramming\assignments\oop_assignmenttemplate_net2010\release\mysystem_montecarlo.obj
d:\users\wingo\teaching\objectorientedprogramming\assignments\oop_assignmenttemplate_net2010\release\main.obj
d:\users\wingo\teaching\objectorientedprogramming\assignments\oop_assignmenttemplate_net2010\release\basic_app.obj
d:\users\wingo\teaching\objectorientedprogramming\assignments\oop_assignmenttemplate_net2010\release\mysystem_cubicfunction.obj
d:\users\wingo\teaching\objectorientedprogramming\assignments\oop_assignmenttemplate_net2010\release\texturemanager_read.obj
d:\users\wingo\teaching\objectorientedprogramming\assignments\oop_assignmenttemplate_net2010\release\texturemanager.obj
d:\users\wingo\teaching\objectorientedprogramming\assignments\oop_assignmenttemplate_net2010\release\texture.obj
d:\users\wingo\teaching\objectorientedprogramming\assignments\oop_assignmenttemplate_net2010\release\paintingsystemapp_handleevents.obj
d:\users\wingo\teaching\objectorientedprogramming\assignments\oop_assignmenttemplate_net2010\release\paintingsystemapp_draw.obj
d:\users\wingo\teaching\objectorientedprogramming\assignments\oop_assignmenttemplate_net2010\release\paintingsystemapp.obj
d:\users\wingo\teaching\objectorientedprogramming\assignments\oop_assignmenttemplate_net2010\release\paintingsystem.obj
d:\users\wingo\teaching\objectorientedprogramming\assignments\oop_assignmenttemplate_net2010\release\lattice_manager.obj
d:\users\wingo\teaching\objectorientedprogramming\assignments\oop_assignmenttemplate_net2010\release\freecanvas2d.obj
d:\users\wingo\teaching\objectorientedprogramming\assignments\oop_assignmenttemplate_net2010\release\boardgameapp.obj
d:\users\wingo\teaching\objectorientedprogramming\assignments\oop_assignmenttemplate_net2010\release\painter.obj
d:\users\wingo\teaching\objectorientedprogramming\assignments\oop_assignmenttemplate_net2010\release\boardgame.obj
d:\users\wingo\teaching\objectorientedprogramming\assignments\oop_assignmenttemplate_net2010\release\bg_grid2d.obj
d:\users\wingo\teaching\objectorientedprogramming\assignments\oop_assignmenttemplate_net2010\release\imagereader.obj
d:\users\wingo\teaching\objectorientedprogramming\assignments\oop_assignmenttemplate_net2010\release\filereader.obj
d:\users\wingo\teaching\objectorientedprogramming\assignments\oop_assignmenttemplate_net2010\release\vector3d.obj
d:\users\wingo\teaching\objectorientedprogramming\assignments\oop_assignmenttemplate_net2010\release\vc100.pdb
d:\users\wingo\teaching\objectorientedprogramming\assignments\oop_hw01_solution_net2010\release\provider.obj
d:\users\wingo\teaching\objectorientedprogramming\assignments\oop_hw01_solution_net2010\release\grid2d.obj
d:\users\wingo\teaching\objectorientedprogramming\assignments\oop_hw01_solution_net2010\release\basic_tools.obj
d:\users\wingo\teaching\objectorientedprogramming\assignments\oop_hw01_solution_net2010\release\openglapp_update.obj
d:\users\wingo\teaching\objectorientedprogramming\assignments\oop_hw01_solution_net2010\release\openglapp_init.obj
d:\users\wingo\teaching\objectorientedprogramming\assignments\oop_hw01_solution_net2010\release\openglapp_draw.obj
d:\users\wingo\teaching\objectorientedprogramming\assignments\oop_hw01_solution_net2010\release\openglapp.events.obj
d:\users\wingo\teaching\objectorientedprogramming\assignments\oop_hw01_solution_net2010\release\openglapp.obj
d:\users\wingo\teaching\objectorientedprogramming\assignments\oop_hw01_solution_net2010\release\painter_draw.obj
d:\users\wingo\teaching\objectorientedprogramming\assignments\oop_hw01_solution_net2010\release\opengl_stuff.obj
d:\users\wingo\teaching\objectorientedprogramming\assignments\oop_hw01_solution_net2010\release\camera.obj
d:\users\wingo\teaching\objectorientedprogramming\assignments\oop_hw01_solution_net2010\release\mysystemapp_handleevents.obj
d:\users\wingo\teaching\objectorientedprogramming\assignments\oop_hw01_solution_net2010\release\mysystemapp_draw.obj
d:\users\wingo\teaching\objectorientedprogramming\assignments\oop_hw01_solution_net2010\release\mysystemapp.obj
d:\users\wingo\teaching\objectorientedprogramming\assignments\oop_hw01_solution_net2010\release\mysystem_studentrecordmanager.obj
d:\users\wingo\teaching\objectorientedprogramming\assignments\oop_hw01_solution_net2010\release\mysystem_quadraticfunction.obj
d:\users\wingo\teaching\objectorientedprogramming\assignments\oop_hw01_solution_net2010\release\mysystem_montecarlo.obj
d:\users\wingo\teaching\objectorientedprogramming\assignments\oop_hw01_solution_net2010\release\main.obj
d:\users\wingo\teaching\objectorientedprogramming\assignments\oop_hw01_solution_net2010\release\basic_app.obj
d:\users\wingo\teaching\objectorientedprogramming\assignments\oop_hw01_solution_net2010\release\mysystem_cubicfunction.obj
d:\users\wingo\teaching\objectorientedprogramming\assignments\oop_hw01_solution_net2010\release\texturemanager_read.obj
d:\users\wingo\teaching\objectorientedprogramming\assignments\oop_hw01_solution_net2010\release\texturemanager.obj
d:\users\wingo\teaching\objectorientedprogramming\assignments\oop_hw01_solution_net2010\release\texture.obj
d:\users\wingo\teaching\objectorientedprogramming\assignments\oop_hw01_solution_net2010\release\paintingsystemapp_handleevents.obj
d:\users\wingo\teaching\objectorientedprogramming\assignments\oop_hw01_solution_net2010\release\paintingsystemapp_draw.obj
d:\users\wingo\teaching\objectorientedprogramming\assignments\oop_hw01_solution_net2010\release\paintingsystemapp.obj
d:\users\wingo\teaching\objectorientedprogramming\assignments\oop_hw01_solution_net2010\release\paintingsystem.obj
d:\users\wingo\teaching\objectorientedprogramming\assignments\oop_hw01_solution_net2010\release\lattice_manager.obj
d:\users\wingo\teaching\objectorientedprogramming\assignments\oop_hw01_solution_net2010\release\freecanvas2d.obj
d:\users\wingo\teaching\objectorientedprogramming\assignments\oop_hw01_solution_net2010\release\boardgameapp.obj
d:\users\wingo\teaching\objectorientedprogramming\assignments\oop_hw01_solution_net2010\release\painter.obj
d:\users\wingo\teaching\objectorientedprogramming\assignments\oop_hw01_solution_net2010\release\boardgame.obj
d:\users\wingo\teaching\objectorientedprogramming\assignments\oop_hw01_solution_net2010\release\bg_grid2d.obj
d:\users\wingo\teaching\objectorientedprogramming\assignments\oop_hw01_solution_net2010\release\imagereader.obj
d:\users\wingo\teaching\objectorientedprogramming\assignments\oop_hw01_solution_net2010\release\filereader.obj
d:\users\wingo\teaching\objectorientedprogramming\assignments\oop_hw01_solution_net2010\release\vector3d.obj
d:\users\wingo\teaching\objectorientedprogramming\assignments\oop_hw01_solution_net2010\release\vc100.pdb
d:\users\wingo\teaching\objectorientedprogramming\assignments\oop_hw01_template_net2010\release\provider.obj
d:\users\wingo\teaching\objectorientedprogramming\assignments\oop_hw01_template_net2010\release\grid2d.obj
d:\users\wingo\teaching\objectorientedprogramming\assignments\oop_hw01_template_net2010\release\basic_tools.obj
d:\users\wingo\teaching\objectorientedprogramming\assignments\oop_hw01_template_net2010\release\openglapp_update.obj
d:\users\wingo\teaching\objectorientedprogramming\assignments\oop_hw01_template_net2010\release\openglapp_init.obj
d:\users\wingo\teaching\objectorientedprogramming\assignments\oop_hw01_template_net2010\release\openglapp_draw.obj
d:\users\wingo\teaching\objectorientedprogramming\assignments\oop_hw01_template_net2010\release\openglapp.events.obj
d:\users\wingo\teaching\objectorientedprogramming\assignments\oop_hw01_template_net2010\release\openglapp.obj
d:\users\wingo\teaching\objectorientedprogramming\assignments\oop_hw01_template_net2010\release\painter_draw.obj
d:\users\wingo\teaching\objectorientedprogramming\assignments\oop_hw01_template_net2010\release\opengl_stuff.obj
d:\users\wingo\teaching\objectorientedprogramming\assignments\oop_hw01_template_net2010\release\camera.obj
d:\users\wingo\teaching\objectorientedprogramming\assignments\oop_hw01_template_net2010\release\mysystemapp_handleevents.obj
d:\users\wingo\teaching\objectorientedprogramming\assignments\oop_hw01_template_net2010\release\mysystemapp_draw.obj
d:\users\wingo\teaching\objectorientedprogramming\assignments\oop_hw01_template_net2010\release\mysystemapp.obj
d:\users\wingo\teaching\objectorientedprogramming\assignments\oop_hw01_template_net2010\release\mysystem_studentrecordmanager.obj
d:\users\wingo\teaching\objectorientedprogramming\assignments\oop_hw01_template_net2010\release\mysystem_quadraticfunction.obj
d:\users\wingo\teaching\objectorientedprogramming\assignments\oop_hw01_template_net2010\release\mysystem_montecarlo.obj
d:\users\wingo\teaching\objectorientedprogramming\assignments\oop_hw01_template_net2010\release\main.obj
d:\users\wingo\teaching\objectorientedprogramming\assignments\oop_hw01_template_net2010\release\basic_app.obj
d:\users\wingo\teaching\objectorientedprogramming\assignments\oop_hw01_template_net2010\release\mysystem_cubicfunction.obj
d:\users\wingo\teaching\objectorientedprogramming\assignments\oop_hw01_template_net2010\release\texturemanager_read.obj
d:\users\wingo\teaching\objectorientedprogramming\assignments\oop_hw01_template_net2010\release\texturemanager.obj
d:\users\wingo\teaching\objectorientedprogramming\assignments\oop_hw01_template_net2010\release\texture.obj
d:\users\wingo\teaching\objectorientedprogramming\assignments\oop_hw01_template_net2010\release\paintingsystemapp_handleevents.obj
d:\users\wingo\teaching\objectorientedprogramming\assignments\oop_hw01_template_net2010\release\paintingsystemapp_draw.obj
d:\users\wingo\teaching\objectorientedprogramming\assignments\oop_hw01_template_net2010\release\paintingsystemapp.obj
d:\users\wingo\teaching\objectorientedprogramming\assignments\oop_hw01_template_net2010\release\paintingsystem.obj
d:\users\wingo\teaching\objectorientedprogramming\assignments\oop_hw01_template_net2010\release\lattice_manager.obj
d:\users\wingo\teaching\objectorientedprogramming\assignments\oop_hw01_template_net2010\release\freecanvas2d.obj
d:\users\wingo\teaching\objectorientedprogramming\assignments\oop_hw01_template_net2010\release\boardgameapp.obj
d:\users\wingo\teaching\objectorientedprogramming\assignments\oop_hw01_template_net2010\release\painter.obj
d:\users\wingo\teaching\objectorientedprogramming\assignments\oop_hw01_template_net2010\release\boardgame.obj
d:\users\wingo\teaching\objectorientedprogramming\assignments\oop_hw01_template_net2010\release\bg_grid2d.obj
d:\users\wingo\teaching\objectorientedprogramming\assignments\oop_hw01_template_net2010\release\imagereader.obj
d:\users\wingo\teaching\objectorientedprogramming\assignments\oop_hw01_template_net2010\release\filereader.obj
d:\users\wingo\teaching\objectorientedprogramming\assignments\oop_hw01_template_net2010\release\vector3d.obj
d:\users\wingo\teaching\objectorientedprogramming\assignments\oop_hw01_template_net2010\release\vc100.pdb
d:\users\wingo\teaching\objectorientedprogramming\assignments\oop_assignmenttemplate_net2010\bin\release\myfirstsystem.exe
d:\users\wingo\teaching\objectorientedprogramming\assignments\oop_assignmenttemplate_net2010\release\myfirstsystem.exe.intermediate.manifest
d:\users\wingo\teaching\objectorientedprogramming\assignments\oop_assignmenttemplate_net2010\release\myfirstsystem.pdb
d:\users\wingo\teaching\objectorientedprogramming\assignments\oop_hw01_solution_net2010\bin\release\myfirstsystem.exe
d:\users\wingo\teaching\objectorientedprogramming\assignments\oop_hw01_solution_net2010\release\myfirstsystem.exe.intermediate.manifest
d:\users\wingo\teaching\objectorientedprogramming\assignments\oop_hw01_solution_net2010\release\myfirstsystem.pdb
d:\users\wingo\teaching\objectorientedprogramming\assignments\oop_hw01_template_net2010\bin\release\myfirstsystem.exe
d:\users\wingo\teaching\objectorientedprogramming\assignments\oop_hw01_template_net2010\release\myfirstsystem.exe.intermediate.manifest
d:\users\wingo\teaching\objectorientedprogramming\assignments\oop_hw01_template_net2010\release\myfirstsystem.pdb
c:\users\admin\desktop\oop_hw01_template_net2010\release\vc120.pdb
c:\users\admin\desktop\oop_hw01_template_net2010\release\provider.obj
c:\users\admin\desktop\oop_hw01_template_net2010\release\grid2d.obj
c:\users\admin\desktop\oop_hw01_template_net2010\release\basic_tools.obj
c:\users\admin\desktop\oop_hw01_template_net2010\release\openglapp_update.obj
c:\users\admin\desktop\oop_hw01_template_net2010\release\openglapp_init.obj
c:\users\admin\desktop\oop_hw01_template_net2010\release\openglapp_draw.obj
c:\users\admin\desktop\oop_hw01_template_net2010\release\openglapp.events.obj
c:\users\admin\desktop\oop_hw01_template_net2010\release\openglapp.obj
c:\users\admin\desktop\oop_hw01_template_net2010\release\painter_draw.obj
c:\users\admin\desktop\oop_hw01_template_net2010\release\opengl_stuff.obj
c:\users\admin\desktop\oop_hw01_template_net2010\release\camera.obj
c:\users\admin\desktop\oop_hw01_template_net2010\release\mysystemapp_handleevents.obj
c:\users\admin\desktop\oop_hw01_template_net2010\release\mysystemapp_draw.obj
c:\users\admin\desktop\oop_hw01_template_net2010\release\mysystemapp.obj
c:\users\admin\desktop\oop_hw01_template_net2010\release\mysystem_studentrecordmanager.obj
c:\users\admin\desktop\oop_hw01_template_net2010\release\mysystem_quadraticfunction.obj
c:\users\admin\desktop\oop_hw01_template_net2010\release\mysystem_montecarlo.obj
c:\users\admin\desktop\oop_hw01_template_net2010\release\main.obj
c:\users\admin\desktop\oop_hw01_template_net2010\release\basic_app.obj
c:\users\admin\desktop\oop_hw01_template_net2010\release\mysystem_cubicfunction.obj
c:\users\admin\desktop\oop_hw01_template_net2010\release\texturemanager_read.obj
c:\users\admin\desktop\oop_hw01_template_net2010\release\texturemanager.obj
c:\users\admin\desktop\oop_hw01_template_net2010\release\texture.obj
c:\users\admin\desktop\oop_hw01_template_net2010\release\paintingsystemapp_handleevents.obj
c:\users\admin\desktop\oop_hw01_template_net2010\release\paintingsystemapp_draw.obj
c:\users\admin\desktop\oop_hw01_template_net2010\release\paintingsystemapp.obj
c:\users\admin\desktop\oop_hw01_template_net2010\release\paintingsystem.obj
c:\users\admin\desktop\oop_hw01_template_net2010\release\lattice_manager.obj
c:\users\admin\desktop\oop_hw01_template_net2010\release\freecanvas2d.obj
c:\users\admin\desktop\oop_hw01_template_net2010\release\boardgameapp.obj
c:\users\admin\desktop\oop_hw01_template_net2010\release\painter.obj
c:\users\admin\desktop\oop_hw01_template_net2010\release\boardgame.obj
c:\users\admin\desktop\oop_hw01_template_net2010\release\bg_grid2d.obj
c:\users\admin\desktop\oop_hw01_template_net2010\release\imagereader.obj
c:\users\admin\desktop\oop_hw01_template_net2010\release\filereader.obj
c:\users\admin\desktop\oop_hw01_template_net2010\release\vector3d.obj
c:\users\admin\desktop\oop_hw01_template_net2010\release\asm.vcxprojresolveassemblyreference.cache
c:\users\admin\desktop\oop_hw01_template_net2010\release\cl.command.1.tlog
c:\users\admin\desktop\oop_hw01_template_net2010\release\cl.read.1.tlog
c:\users\admin\desktop\oop_hw01_template_net2010\release\cl.write.1.tlog
c:\users\admin\desktop\oop_hw01_template_net2010\release\link.command.1.tlog
c:\users\admin\desktop\oop_hw01_template_net2010\release\link.read.1.tlog
c:\users\admin\desktop\oop_hw01_template_net2010\release\link.write.1.tlog
c:\users\admin\desktop\oop_hw01_template_net2010\release\mt.command.1.tlog
c:\users\admin\desktop\oop_hw01_template_net2010\release\mt.read.1.tlog
c:\users\admin\desktop\oop_hw01_template_net2010\release\mt.write.1.tlog
c:\users\admin\desktop\oop_hw01_template_net2010\release\myfirstsystem.write.1.tlog
c:\users\admin\desktop\oop_hw01_template_net2010\release\myfirstsystem.exe.intermediate.manifest
c:\users\admin\desktop\oop_hw01_template_net2010\release\myfirstsystem.pdb
c:\users\admin\desktop\oop_hw01_template_net2010\release\vc100.pdb
c:\users\admin\desktop\oop_hw01_template_net2010\release\myfirstsystem.tlog\cl.command.1.tlog
c:\users\admin\desktop\oop_hw01_template_net2010\release\myfirstsystem.tlog\cl.read.1.tlog
c:\users\admin\desktop\oop_hw01_template_net2010\release\myfirstsystem.tlog\cl.write.1.tlog
c:\users\admin\desktop\oop_hw01_template_net2010\release\myfirstsystem.tlog\link-cvtres.read.1.tlog
c:\users\admin\desktop\oop_hw01_template_net2010\release\myfirstsystem.tlog\link-cvtres.write.1.tlog
c:\users\admin\desktop\oop_hw01_template_net2010\release\myfirstsystem.tlog\link-rc.read.1.tlog
c:\users\admin\desktop\oop_hw01_template_net2010\release\myfirstsystem.tlog\link-rc.write.1.tlog
c:\users\admin\desktop\oop_hw01_template_net2010\release\myfirstsystem.tlog\link.command.1.tlog
c:\users\admin\desktop\oop_hw01_template_net2010\release\myfirstsystem.tlog\link.read.1.tlog
c:\users\admin\desktop\oop_hw01_template_net2010\release\myfirstsystem.tlog\link.write.1.tlog
