  myBasicTools.cpp
  mySystem_2048.cpp
C:\Users\Hubert\Desktop\nctu-oop-assignment\Assignment3\code\inc\GL/gl.h : warning C4819: 檔案含有無法在目前字碼頁 (950) 中表示的字元。請以 Unicode 格式儲存檔案以防止資料遺失
C:\Users\Hubert\Desktop\nctu-oop-assignment\Assignment3\code\inc\GL/gl.h : warning C4819: 檔案含有無法在目前字碼頁 (950) 中表示的字元。請以 Unicode 格式儲存檔案以防止資料遺失
  mySystem_2048_draw.cpp
C:\Users\Hubert\Desktop\nctu-oop-assignment\Assignment3\code\inc\GL/gl.h : warning C4819: 檔案含有無法在目前字碼頁 (950) 中表示的字元。請以 Unicode 格式儲存檔案以防止資料遺失
C:\Users\Hubert\Desktop\nctu-oop-assignment\Assignment3\code\inc\GL/gl.h : warning C4819: 檔案含有無法在目前字碼頁 (950) 中表示的字元。請以 Unicode 格式儲存檔案以防止資料遺失
00_StudentWork\00_SimpleInteractiveSystem\mySystem_2048_draw.cpp(61): warning C4305: '引數': 從 'double' 轉換為 'float'，是由較大的類型轉換為較小的類型，可能導致資料遺失
00_StudentWork\00_SimpleInteractiveSystem\mySystem_2048_draw.cpp(152): warning C4244: '引數': 將 'double' 轉換為 'float'，由於類型不同，可能導致資料遺失
00_StudentWork\00_SimpleInteractiveSystem\mySystem_2048_draw.cpp(174): warning C4244: '引數': 將 'float' 轉換為 'GLint'，由於類型不同，可能導致資料遺失
00_StudentWork\00_SimpleInteractiveSystem\mySystem_2048_draw.cpp(198): warning C4244: '引數': 將 'int' 轉換為 'GLfloat'，由於類型不同，可能導致資料遺失
  mySystem_GraphSystem.cpp
C:\Users\Hubert\Desktop\nctu-oop-assignment\Assignment3\code\inc\GL/gl.h : warning C4819: 檔案含有無法在目前字碼頁 (950) 中表示的字元。請以 Unicode 格式儲存檔案以防止資料遺失
C:\Users\Hubert\Desktop\nctu-oop-assignment\Assignment3\code\inc\GL/gl.h : warning C4819: 檔案含有無法在目前字碼頁 (950) 中表示的字元。請以 Unicode 格式儲存檔案以防止資料遺失
00_StudentWork\00_SimpleInteractiveSystem\mySystem_GraphSystem.cpp(16): warning C4244: '引數': 將 'time_t' 轉換為 'unsigned int'，由於類型不同，可能導致資料遺失
00_StudentWork\00_SimpleInteractiveSystem\mySystem_GraphSystem.cpp(245): warning C4018: '<': signed/unsigned 不相符
00_StudentWork\00_SimpleInteractiveSystem\mySystem_GraphSystem.cpp(254): warning C4018: '<': signed/unsigned 不相符
00_StudentWork\00_SimpleInteractiveSystem\mySystem_GraphSystem.cpp(369): warning C4018: '<': signed/unsigned 不相符
  mySystem_GraphSystem_draw.cpp
C:\Users\Hubert\Desktop\nctu-oop-assignment\Assignment3\code\inc\GL/gl.h : warning C4819: 檔案含有無法在目前字碼頁 (950) 中表示的字元。請以 Unicode 格式儲存檔案以防止資料遺失
C:\Users\Hubert\Desktop\nctu-oop-assignment\Assignment3\code\inc\GL/gl.h : warning C4819: 檔案含有無法在目前字碼頁 (950) 中表示的字元。請以 Unicode 格式儲存檔案以防止資料遺失
00_StudentWork\00_SimpleInteractiveSystem\mySystem_GraphSystem_draw.cpp(101): warning C4244: '引數': 將 'double' 轉換為 'float'，由於類型不同，可能導致資料遺失
00_StudentWork\00_SimpleInteractiveSystem\mySystem_GraphSystem_draw.cpp(118): warning C4244: '引數': 將 'double' 轉換為 'float'，由於類型不同，可能導致資料遺失
00_StudentWork\00_SimpleInteractiveSystem\mySystem_GraphSystem_draw.cpp(132): warning C4244: '引數': 將 'double' 轉換為 'float'，由於類型不同，可能導致資料遺失
  basic_app.cpp
  main.cpp
C:\Users\Hubert\Desktop\nctu-oop-assignment\Assignment3\code\inc\GL/gl.h : warning C4819: 檔案含有無法在目前字碼頁 (950) 中表示的字元。請以 Unicode 格式儲存檔案以防止資料遺失
C:\Users\Hubert\Desktop\nctu-oop-assignment\Assignment3\code\inc\GL/gl.h : warning C4819: 檔案含有無法在目前字碼頁 (950) 中表示的字元。請以 Unicode 格式儲存檔案以防止資料遺失
  mySystemApp.cpp
C:\Users\Hubert\Desktop\nctu-oop-assignment\Assignment3\code\inc\GL/gl.h : warning C4819: 檔案含有無法在目前字碼頁 (950) 中表示的字元。請以 Unicode 格式儲存檔案以防止資料遺失
C:\Users\Hubert\Desktop\nctu-oop-assignment\Assignment3\code\inc\GL/gl.h : warning C4819: 檔案含有無法在目前字碼頁 (950) 中表示的字元。請以 Unicode 格式儲存檔案以防止資料遺失
00_StudentWork\00_SimpleInteractiveSystem\mySystemApp.cpp(53): warning C4244: '引數': 將 'double' 轉換為 'int'，由於類型不同，可能導致資料遺失
00_StudentWork\00_SimpleInteractiveSystem\mySystemApp.cpp(56): warning C4244: '引數': 將 'double' 轉換為 'int'，由於類型不同，可能導致資料遺失
  mySystemApp_draw.cpp
C:\Users\Hubert\Desktop\nctu-oop-assignment\Assignment3\code\inc\GL/gl.h : warning C4819: 檔案含有無法在目前字碼頁 (950) 中表示的字元。請以 Unicode 格式儲存檔案以防止資料遺失
C:\Users\Hubert\Desktop\nctu-oop-assignment\Assignment3\code\inc\GL/gl.h : warning C4819: 檔案含有無法在目前字碼頁 (950) 中表示的字元。請以 Unicode 格式儲存檔案以防止資料遺失
00_StudentWork\00_SimpleInteractiveSystem\mySystemApp_draw.cpp(79): warning C4244: '引數': 將 'double' 轉換為 'GLfloat'，由於類型不同，可能導致資料遺失
00_StudentWork\00_SimpleInteractiveSystem\mySystemApp_draw.cpp(82): warning C4244: '引數': 將 'double' 轉換為 'GLfloat'，由於類型不同，可能導致資料遺失
00_StudentWork\00_SimpleInteractiveSystem\mySystemApp_draw.cpp(84): warning C4244: '引數': 將 'double' 轉換為 'GLfloat'，由於類型不同，可能導致資料遺失
00_StudentWork\00_SimpleInteractiveSystem\mySystemApp_draw.cpp(101): warning C4244: '引數': 將 'double' 轉換為 'GLfloat'，由於類型不同，可能導致資料遺失
  mySystemApp_HandleEvents.cpp
C:\Users\Hubert\Desktop\nctu-oop-assignment\Assignment3\code\inc\GL/gl.h : warning C4819: 檔案含有無法在目前字碼頁 (950) 中表示的字元。請以 Unicode 格式儲存檔案以防止資料遺失
C:\Users\Hubert\Desktop\nctu-oop-assignment\Assignment3\code\inc\GL/gl.h : warning C4819: 檔案含有無法在目前字碼頁 (950) 中表示的字元。請以 Unicode 格式儲存檔案以防止資料遺失
00_StudentWork\00_SimpleInteractiveSystem\mySystemApp_HandleEvents.cpp(41): warning C4305: '引數': 從 'double' 轉換為 'float'，是由較大的類型轉換為較小的類型，可能導致資料遺失
00_StudentWork\00_SimpleInteractiveSystem\mySystemApp_HandleEvents.cpp(47): warning C4305: '引數': 從 'double' 轉換為 'float'，是由較大的類型轉換為較小的類型，可能導致資料遺失
  camera.cpp
C:\Users\Hubert\Desktop\nctu-oop-assignment\Assignment3\code\inc\GL/gl.h : warning C4819: 檔案含有無法在目前字碼頁 (950) 中表示的字元。請以 Unicode 格式儲存檔案以防止資料遺失
C:\Users\Hubert\Desktop\nctu-oop-assignment\Assignment3\code\inc\GL/gl.h : warning C4819: 檔案含有無法在目前字碼頁 (950) 中表示的字元。請以 Unicode 格式儲存檔案以防止資料遺失
openGLbasic\camera.cpp(57): warning C4244: '=': 將 'double' 轉換為 'float'，由於類型不同，可能導致資料遺失
  opengl_stuff.cpp
C:\Users\Hubert\Desktop\nctu-oop-assignment\Assignment3\code\inc\GL/gl.h : warning C4819: 檔案含有無法在目前字碼頁 (950) 中表示的字元。請以 Unicode 格式儲存檔案以防止資料遺失
C:\Users\Hubert\Desktop\nctu-oop-assignment\Assignment3\code\inc\GL/gl.h : warning C4819: 檔案含有無法在目前字碼頁 (950) 中表示的字元。請以 Unicode 格式儲存檔案以防止資料遺失
  painter_draw.cpp
C:\Users\Hubert\Desktop\nctu-oop-assignment\Assignment3\code\inc\GL/gl.h : warning C4819: 檔案含有無法在目前字碼頁 (950) 中表示的字元。請以 Unicode 格式儲存檔案以防止資料遺失
C:\Users\Hubert\Desktop\nctu-oop-assignment\Assignment3\code\inc\GL/gl.h : warning C4819: 檔案含有無法在目前字碼頁 (950) 中表示的字元。請以 Unicode 格式儲存檔案以防止資料遺失
  openGLapp.cpp
C:\Users\Hubert\Desktop\nctu-oop-assignment\Assignment3\code\inc\GL/gl.h : warning C4819: 檔案含有無法在目前字碼頁 (950) 中表示的字元。請以 Unicode 格式儲存檔案以防止資料遺失
C:\Users\Hubert\Desktop\nctu-oop-assignment\Assignment3\code\inc\GL/gl.h : warning C4819: 檔案含有無法在目前字碼頁 (950) 中表示的字元。請以 Unicode 格式儲存檔案以防止資料遺失
  openGLapp.events.cpp
C:\Users\Hubert\Desktop\nctu-oop-assignment\Assignment3\code\inc\GL/gl.h : warning C4819: 檔案含有無法在目前字碼頁 (950) 中表示的字元。請以 Unicode 格式儲存檔案以防止資料遺失
C:\Users\Hubert\Desktop\nctu-oop-assignment\Assignment3\code\inc\GL/gl.h : warning C4819: 檔案含有無法在目前字碼頁 (950) 中表示的字元。請以 Unicode 格式儲存檔案以防止資料遺失
  openGLapp_draw.cpp
C:\Users\Hubert\Desktop\nctu-oop-assignment\Assignment3\code\inc\GL/gl.h : warning C4819: 檔案含有無法在目前字碼頁 (950) 中表示的字元。請以 Unicode 格式儲存檔案以防止資料遺失
C:\Users\Hubert\Desktop\nctu-oop-assignment\Assignment3\code\inc\GL/gl.h : warning C4819: 檔案含有無法在目前字碼頁 (950) 中表示的字元。請以 Unicode 格式儲存檔案以防止資料遺失
  openGLapp_init.cpp
C:\Users\Hubert\Desktop\nctu-oop-assignment\Assignment3\code\inc\GL/gl.h : warning C4819: 檔案含有無法在目前字碼頁 (950) 中表示的字元。請以 Unicode 格式儲存檔案以防止資料遺失
C:\Users\Hubert\Desktop\nctu-oop-assignment\Assignment3\code\inc\GL/gl.h : warning C4819: 檔案含有無法在目前字碼頁 (950) 中表示的字元。請以 Unicode 格式儲存檔案以防止資料遺失
  openGLapp_update.cpp
C:\Users\Hubert\Desktop\nctu-oop-assignment\Assignment3\code\inc\GL/gl.h : warning C4819: 檔案含有無法在目前字碼頁 (950) 中表示的字元。請以 Unicode 格式儲存檔案以防止資料遺失
C:\Users\Hubert\Desktop\nctu-oop-assignment\Assignment3\code\inc\GL/gl.h : warning C4819: 檔案含有無法在目前字碼頁 (950) 中表示的字元。請以 Unicode 格式儲存檔案以防止資料遺失
  basic_tools.cpp
  grid2D.cpp
  正在編譯...
  provider.cpp
  vector3d.cpp
  fileReader.cpp
  imageReader.cpp
C:\Users\Hubert\Desktop\nctu-oop-assignment\Assignment3\code\inc\GL/gl.h : warning C4819: 檔案含有無法在目前字碼頁 (950) 中表示的字元。請以 Unicode 格式儲存檔案以防止資料遺失
C:\Users\Hubert\Desktop\nctu-oop-assignment\Assignment3\code\inc\GL/gl.h : warning C4819: 檔案含有無法在目前字碼頁 (950) 中表示的字元。請以 Unicode 格式儲存檔案以防止資料遺失
C:\Users\Hubert\Desktop\nctu-oop-assignment\Assignment3\code\inc\GL/gl.h : warning C4819: 檔案含有無法在目前字碼頁 (950) 中表示的字元。請以 Unicode 格式儲存檔案以防止資料遺失
  BG_grid2D.cpp
c:\users\hubert\desktop\nctu-oop-assignment\assignment3\code\boardgame\../primitives/vector3d.h(24): warning C4244: 'return': 將 'double' 轉換為 'float'，由於類型不同，可能導致資料遺失
  boardGame.cpp
C:\Users\Hubert\Desktop\nctu-oop-assignment\Assignment3\code\inc\GL/gl.h : warning C4819: 檔案含有無法在目前字碼頁 (950) 中表示的字元。請以 Unicode 格式儲存檔案以防止資料遺失
C:\Users\Hubert\Desktop\nctu-oop-assignment\Assignment3\code\inc\GL/gl.h : warning C4819: 檔案含有無法在目前字碼頁 (950) 中表示的字元。請以 Unicode 格式儲存檔案以防止資料遺失
  painter.cpp
C:\Users\Hubert\Desktop\nctu-oop-assignment\Assignment3\code\inc\GL/gl.h : warning C4819: 檔案含有無法在目前字碼頁 (950) 中表示的字元。請以 Unicode 格式儲存檔案以防止資料遺失
C:\Users\Hubert\Desktop\nctu-oop-assignment\Assignment3\code\inc\GL/gl.h : warning C4819: 檔案含有無法在目前字碼頁 (950) 中表示的字元。請以 Unicode 格式儲存檔案以防止資料遺失
  boardGameApp.cpp
C:\Users\Hubert\Desktop\nctu-oop-assignment\Assignment3\code\inc\GL/gl.h : warning C4819: 檔案含有無法在目前字碼頁 (950) 中表示的字元。請以 Unicode 格式儲存檔案以防止資料遺失
C:\Users\Hubert\Desktop\nctu-oop-assignment\Assignment3\code\inc\GL/gl.h : warning C4819: 檔案含有無法在目前字碼頁 (950) 中表示的字元。請以 Unicode 格式儲存檔案以防止資料遺失
  freeCanvas2D.cpp
C:\Users\Hubert\Desktop\nctu-oop-assignment\Assignment3\code\inc\GL/gl.h : warning C4819: 檔案含有無法在目前字碼頁 (950) 中表示的字元。請以 Unicode 格式儲存檔案以防止資料遺失
C:\Users\Hubert\Desktop\nctu-oop-assignment\Assignment3\code\inc\GL/gl.h : warning C4819: 檔案含有無法在目前字碼頁 (950) 中表示的字元。請以 Unicode 格式儲存檔案以防止資料遺失
  lattice_manager.cpp
  paintingSystem.cpp
C:\Users\Hubert\Desktop\nctu-oop-assignment\Assignment3\code\inc\GL/gl.h : warning C4819: 檔案含有無法在目前字碼頁 (950) 中表示的字元。請以 Unicode 格式儲存檔案以防止資料遺失
C:\Users\Hubert\Desktop\nctu-oop-assignment\Assignment3\code\inc\GL/gl.h : warning C4819: 檔案含有無法在目前字碼頁 (950) 中表示的字元。請以 Unicode 格式儲存檔案以防止資料遺失
  paintingSystemApp.cpp
C:\Users\Hubert\Desktop\nctu-oop-assignment\Assignment3\code\inc\GL/gl.h : warning C4819: 檔案含有無法在目前字碼頁 (950) 中表示的字元。請以 Unicode 格式儲存檔案以防止資料遺失
C:\Users\Hubert\Desktop\nctu-oop-assignment\Assignment3\code\inc\GL/gl.h : warning C4819: 檔案含有無法在目前字碼頁 (950) 中表示的字元。請以 Unicode 格式儲存檔案以防止資料遺失
  paintingSystemApp_draw.cpp
C:\Users\Hubert\Desktop\nctu-oop-assignment\Assignment3\code\inc\GL/gl.h : warning C4819: 檔案含有無法在目前字碼頁 (950) 中表示的字元。請以 Unicode 格式儲存檔案以防止資料遺失
C:\Users\Hubert\Desktop\nctu-oop-assignment\Assignment3\code\inc\GL/gl.h : warning C4819: 檔案含有無法在目前字碼頁 (950) 中表示的字元。請以 Unicode 格式儲存檔案以防止資料遺失
  paintingSystemApp_HandleEvents.cpp
C:\Users\Hubert\Desktop\nctu-oop-assignment\Assignment3\code\inc\GL/gl.h : warning C4819: 檔案含有無法在目前字碼頁 (950) 中表示的字元。請以 Unicode 格式儲存檔案以防止資料遺失
C:\Users\Hubert\Desktop\nctu-oop-assignment\Assignment3\code\inc\GL/gl.h : warning C4819: 檔案含有無法在目前字碼頁 (950) 中表示的字元。請以 Unicode 格式儲存檔案以防止資料遺失
  texture.cpp
C:\Users\Hubert\Desktop\nctu-oop-assignment\Assignment3\code\inc\GL/gl.h : warning C4819: 檔案含有無法在目前字碼頁 (950) 中表示的字元。請以 Unicode 格式儲存檔案以防止資料遺失
C:\Users\Hubert\Desktop\nctu-oop-assignment\Assignment3\code\inc\GL/gl.h : warning C4819: 檔案含有無法在目前字碼頁 (950) 中表示的字元。請以 Unicode 格式儲存檔案以防止資料遺失
  textureManager.cpp
C:\Users\Hubert\Desktop\nctu-oop-assignment\Assignment3\code\inc\GL/gl.h : warning C4819: 檔案含有無法在目前字碼頁 (950) 中表示的字元。請以 Unicode 格式儲存檔案以防止資料遺失
C:\Users\Hubert\Desktop\nctu-oop-assignment\Assignment3\code\inc\GL/gl.h : warning C4819: 檔案含有無法在目前字碼頁 (950) 中表示的字元。請以 Unicode 格式儲存檔案以防止資料遺失
  textureManager_read.cpp
C:\Users\Hubert\Desktop\nctu-oop-assignment\Assignment3\code\inc\GL/gl.h : warning C4819: 檔案含有無法在目前字碼頁 (950) 中表示的字元。請以 Unicode 格式儲存檔案以防止資料遺失
C:\Users\Hubert\Desktop\nctu-oop-assignment\Assignment3\code\inc\GL/gl.h : warning C4819: 檔案含有無法在目前字碼頁 (950) 中表示的字元。請以 Unicode 格式儲存檔案以防止資料遺失
C:\Program Files (x86)\MSBuild\Microsoft.Cpp\v4.0\V140\Microsoft.CppBuild.targets(1189,5): warning MSB8012: TargetPath(C:\Users\Hubert\Desktop\nctu-oop-assignment\Assignment3\code\Release\SelfMotivatedSystem.exe) does not match the Linker's OutputFile property value (C:\Users\Hubert\Desktop\nctu-oop-assignment\Assignment3\code\bin\Release\SelfMotivatedSystem.exe). This may cause your project to build incorrectly. To correct this, please make sure that $(OutDir), $(TargetName) and $(TargetExt) property values match the value specified in %(Link.OutputFile).
  正在產生程式碼
c:\users\hubert\desktop\nctu-oop-assignment\assignment3\code\00_studentwork\00_simpleinteractivesystem\mysystem_graphsystem.cpp(374): warning C4715: 'GRAPH_SYSTEM::getNodePositionOfEdge': 不是所有控制路徑都傳回值
  All 502 functions were compiled because no usable IPDB/IOBJ from previous compilation was found.
  已完成程式碼產生
  asm.vcxproj -> C:\Users\Hubert\Desktop\nctu-oop-assignment\Assignment3\code\Release\SelfMotivatedSystem.exe
  asm.vcxproj -> C:\Users\Hubert\Desktop\nctu-oop-assignment\Assignment3\code\Release\SelfMotivatedSystem.pdb (Full PDB)
