c:\users\hubert\desktop\nctu-oop-assignment\assignment3\code\release\vc140.pdb
c:\users\hubert\desktop\nctu-oop-assignment\assignment3\code\release\grid2d.obj
c:\users\hubert\desktop\nctu-oop-assignment\assignment3\code\release\basic_tools.obj
c:\users\hubert\desktop\nctu-oop-assignment\assignment3\code\release\openglapp_update.obj
c:\users\hubert\desktop\nctu-oop-assignment\assignment3\code\release\openglapp_init.obj
c:\users\hubert\desktop\nctu-oop-assignment\assignment3\code\release\openglapp_draw.obj
c:\users\hubert\desktop\nctu-oop-assignment\assignment3\code\release\openglapp.events.obj
c:\users\hubert\desktop\nctu-oop-assignment\assignment3\code\release\openglapp.obj
c:\users\hubert\desktop\nctu-oop-assignment\assignment3\code\release\painter_draw.obj
c:\users\hubert\desktop\nctu-oop-assignment\assignment3\code\release\opengl_stuff.obj
c:\users\hubert\desktop\nctu-oop-assignment\assignment3\code\release\camera.obj
c:\users\hubert\desktop\nctu-oop-assignment\assignment3\code\release\mysystemapp_handleevents.obj
c:\users\hubert\desktop\nctu-oop-assignment\assignment3\code\release\mysystemapp_draw.obj
c:\users\hubert\desktop\nctu-oop-assignment\assignment3\code\release\mysystemapp.obj
c:\users\hubert\desktop\nctu-oop-assignment\assignment3\code\release\main.obj
c:\users\hubert\desktop\nctu-oop-assignment\assignment3\code\release\basic_app.obj
c:\users\hubert\desktop\nctu-oop-assignment\assignment3\code\release\mysystem_graphsystem_draw.obj
c:\users\hubert\desktop\nctu-oop-assignment\assignment3\code\release\mysystem_graphsystem.obj
c:\users\hubert\desktop\nctu-oop-assignment\assignment3\code\release\mysystem_2048_draw.obj
c:\users\hubert\desktop\nctu-oop-assignment\assignment3\code\release\mysystem_2048.obj
c:\users\hubert\desktop\nctu-oop-assignment\assignment3\code\release\mybasictools.obj
c:\users\hubert\desktop\nctu-oop-assignment\assignment3\code\release\texturemanager_read.obj
c:\users\hubert\desktop\nctu-oop-assignment\assignment3\code\release\texturemanager.obj
c:\users\hubert\desktop\nctu-oop-assignment\assignment3\code\release\paintingsystemapp_handleevents.obj
c:\users\hubert\desktop\nctu-oop-assignment\assignment3\code\release\paintingsystemapp_draw.obj
c:\users\hubert\desktop\nctu-oop-assignment\assignment3\code\release\paintingsystemapp.obj
c:\users\hubert\desktop\nctu-oop-assignment\assignment3\code\release\paintingsystem.obj
c:\users\hubert\desktop\nctu-oop-assignment\assignment3\code\release\lattice_manager.obj
c:\users\hubert\desktop\nctu-oop-assignment\assignment3\code\release\freecanvas2d.obj
c:\users\hubert\desktop\nctu-oop-assignment\assignment3\code\release\boardgameapp.obj
c:\users\hubert\desktop\nctu-oop-assignment\assignment3\code\release\painter.obj
c:\users\hubert\desktop\nctu-oop-assignment\assignment3\code\release\boardgame.obj
c:\users\hubert\desktop\nctu-oop-assignment\assignment3\code\release\bg_grid2d.obj
c:\users\hubert\desktop\nctu-oop-assignment\assignment3\code\release\imagereader.obj
c:\users\hubert\desktop\nctu-oop-assignment\assignment3\code\release\filereader.obj
c:\users\hubert\desktop\nctu-oop-assignment\assignment3\code\release\vector3d.obj
c:\users\hubert\desktop\nctu-oop-assignment\assignment3\code\release\provider.obj
c:\users\hubert\desktop\nctu-oop-assignment\assignment3\code\release\selfmoti.a256cbfc.tlog\cl.command.1.tlog
c:\users\hubert\desktop\nctu-oop-assignment\assignment3\code\release\selfmoti.a256cbfc.tlog\cl.read.1.tlog
c:\users\hubert\desktop\nctu-oop-assignment\assignment3\code\release\selfmoti.a256cbfc.tlog\cl.write.1.tlog
